<?xml version="1.0" encoding="UTF-8"?>
<!-- Generated by org.testng.reporters.JUnitReportReporter -->
<testsuite skipped="0" hostname="MacBook-Pro.local" name="core.PrimeNumberCheckerTest" tests="99" failures="0" timestamp="27 Aug 2017 07:24:45 GMT" time="0.089" errors="0">
  <testcase name="test" time="0.001" classname="core.PrimeNumberCheckerTest"/>
  <testcase name="test" time="0.000" classname="core.PrimeNumberCheckerTest"/>
  <testcase name="test" time="0.000" classname="core.PrimeNumberCheckerTest"/>
  <testcase name="test" time="0.001" classname="core.PrimeNumberCheckerTest"/>
  <testcase name="test" time="0.001" classname="core.PrimeNumberCheckerTest"/>
  <testcase name="test" time="0.000" classname="core.PrimeNumberCheckerTest"/>
  <testcase name="test" time="0.001" classname="core.PrimeNumberCheckerTest"/>
  <testcase name="test" time="0.001" classname="core.PrimeNumberCheckerTest"/>
  <testcase name="test" time="0.001" classname="core.PrimeNumberCheckerTest"/>
  <testcase name="test" time="0.001" classname="core.PrimeNumberCheckerTest"/>
  <testcase name="test" time="0.001" classname="core.PrimeNumberCheckerTest"/>
  <testcase name="test" time="0.000" classname="core.PrimeNumberCheckerTest"/>
  <testcase name="test" time="0.001" classname="core.PrimeNumberCheckerTest"/>
  <testcase name="test" time="0.001" classname="core.PrimeNumberCheckerTest"/>
  <testcase name="test" time="0.001" classname="core.PrimeNumberCheckerTest"/>
  <testcase name="test" time="0.000" classname="core.PrimeNumberCheckerTest"/>
  <testcase name="test" time="0.001" classname="core.PrimeNumberCheckerTest"/>
  <testcase name="test" time="0.001" classname="core.PrimeNumberCheckerTest"/>
  <testcase name="test" time="0.000" classname="core.PrimeNumberCheckerTest"/>
  <testcase name="test" time="0.002" classname="core.PrimeNumberCheckerTest"/>
  <testcase name="test" time="0.001" classname="core.PrimeNumberCheckerTest"/>
  <testcase name="test" time="0.001" classname="core.PrimeNumberCheckerTest"/>
  <testcase name="test" time="0.003" classname="core.PrimeNumberCheckerTest"/>
  <testcase name="test" time="0.001" classname="core.PrimeNumberCheckerTest"/>
  <testcase name="test" time="0.001" classname="core.PrimeNumberCheckerTest"/>
  <testcase name="test" time="0.001" classname="core.PrimeNumberCheckerTest"/>
  <testcase name="test" time="0.005" classname="core.PrimeNumberCheckerTest"/>
  <testcase name="test" time="0.001" classname="core.PrimeNumberCheckerTest"/>
  <testcase name="test" time="0.001" classname="core.PrimeNumberCheckerTest"/>
  <testcase name="test" time="0.001" classname="core.PrimeNumberCheckerTest"/>
  <testcase name="test" time="0.001" classname="core.PrimeNumberCheckerTest"/>
  <testcase name="test" time="0.001" classname="core.PrimeNumberCheckerTest"/>
  <testcase name="test" time="0.001" classname="core.PrimeNumberCheckerTest"/>
  <testcase name="test" time="0.000" classname="core.PrimeNumberCheckerTest"/>
  <testcase name="test" time="0.000" classname="core.PrimeNumberCheckerTest"/>
  <testcase name="test" time="0.001" classname="core.PrimeNumberCheckerTest"/>
  <testcase name="test" time="0.000" classname="core.PrimeNumberCheckerTest"/>
  <testcase name="test" time="0.000" classname="core.PrimeNumberCheckerTest"/>
  <testcase name="test" time="0.001" classname="core.PrimeNumberCheckerTest"/>
  <testcase name="test" time="0.001" classname="core.PrimeNumberCheckerTest"/>
  <testcase name="test" time="0.001" classname="core.PrimeNumberCheckerTest"/>
  <testcase name="test" time="0.002" classname="core.PrimeNumberCheckerTest"/>
  <testcase name="test" time="0.001" classname="core.PrimeNumberCheckerTest"/>
  <testcase name="test" time="0.001" classname="core.PrimeNumberCheckerTest"/>
  <testcase name="test" time="0.000" classname="core.PrimeNumberCheckerTest"/>
  <testcase name="test" time="0.001" classname="core.PrimeNumberCheckerTest"/>
  <testcase name="test" time="0.000" classname="core.PrimeNumberCheckerTest"/>
  <testcase name="test" time="0.001" classname="core.PrimeNumberCheckerTest"/>
  <testcase name="test" time="0.001" classname="core.PrimeNumberCheckerTest"/>
  <testcase name="test" time="0.000" classname="core.PrimeNumberCheckerTest"/>
  <testcase name="test" time="0.002" classname="core.PrimeNumberCheckerTest"/>
  <testcase name="test" time="0.000" classname="core.PrimeNumberCheckerTest"/>
  <testcase name="test" time="0.001" classname="core.PrimeNumberCheckerTest"/>
  <testcase name="test" time="0.001" classname="core.PrimeNumberCheckerTest"/>
  <testcase name="test" time="0.001" classname="core.PrimeNumberCheckerTest"/>
  <testcase name="test" time="0.001" classname="core.PrimeNumberCheckerTest"/>
  <testcase name="test" time="0.000" classname="core.PrimeNumberCheckerTest"/>
  <testcase name="test" time="0.001" classname="core.PrimeNumberCheckerTest"/>
  <testcase name="test" time="0.000" classname="core.PrimeNumberCheckerTest"/>
  <testcase name="test" time="0.000" classname="core.PrimeNumberCheckerTest"/>
  <testcase name="test" time="0.001" classname="core.PrimeNumberCheckerTest"/>
  <testcase name="test" time="0.000" classname="core.PrimeNumberCheckerTest"/>
  <testcase name="test" time="0.000" classname="core.PrimeNumberCheckerTest"/>
  <testcase name="test" time="0.001" classname="core.PrimeNumberCheckerTest"/>
  <testcase name="test" time="0.001" classname="core.PrimeNumberCheckerTest"/>
  <testcase name="test" time="0.012" classname="core.PrimeNumberCheckerTest"/>
  <testcase name="test" time="0.001" classname="core.PrimeNumberCheckerTest"/>
  <testcase name="test" time="0.001" classname="core.PrimeNumberCheckerTest"/>
  <testcase name="test" time="0.000" classname="core.PrimeNumberCheckerTest"/>
  <testcase name="test" time="0.001" classname="core.PrimeNumberCheckerTest"/>
  <testcase name="test" time="0.001" classname="core.PrimeNumberCheckerTest"/>
  <testcase name="test" time="0.001" classname="core.PrimeNumberCheckerTest"/>
  <testcase name="test" time="0.000" classname="core.PrimeNumberCheckerTest"/>
  <testcase name="test" time="0.000" classname="core.PrimeNumberCheckerTest"/>
  <testcase name="test" time="0.001" classname="core.PrimeNumberCheckerTest"/>
  <testcase name="test" time="0.000" classname="core.PrimeNumberCheckerTest"/>
  <testcase name="test" time="0.000" classname="core.PrimeNumberCheckerTest"/>
  <testcase name="test" time="0.000" classname="core.PrimeNumberCheckerTest"/>
  <testcase name="test" time="0.000" classname="core.PrimeNumberCheckerTest"/>
  <testcase name="test" time="0.001" classname="core.PrimeNumberCheckerTest"/>
  <testcase name="test" time="0.000" classname="core.PrimeNumberCheckerTest"/>
  <testcase name="test" time="0.001" classname="core.PrimeNumberCheckerTest"/>
  <testcase name="test" time="0.000" classname="core.PrimeNumberCheckerTest"/>
  <testcase name="test" time="0.001" classname="core.PrimeNumberCheckerTest"/>
  <testcase name="test" time="0.001" classname="core.PrimeNumberCheckerTest"/>
  <testcase name="test" time="0.001" classname="core.PrimeNumberCheckerTest"/>
  <testcase name="test" time="0.001" classname="core.PrimeNumberCheckerTest"/>
  <testcase name="test" time="0.000" classname="core.PrimeNumberCheckerTest"/>
  <testcase name="test" time="0.000" classname="core.PrimeNumberCheckerTest"/>
  <testcase name="test" time="0.001" classname="core.PrimeNumberCheckerTest"/>
  <testcase name="test" time="0.001" classname="core.PrimeNumberCheckerTest"/>
  <testcase name="test" time="0.001" classname="core.PrimeNumberCheckerTest"/>
  <testcase name="test" time="0.001" classname="core.PrimeNumberCheckerTest"/>
  <testcase name="test" time="0.001" classname="core.PrimeNumberCheckerTest"/>
  <testcase name="test" time="0.001" classname="core.PrimeNumberCheckerTest"/>
  <testcase name="test" time="0.001" classname="core.PrimeNumberCheckerTest"/>
  <testcase name="test" time="0.001" classname="core.PrimeNumberCheckerTest"/>
  <testcase name="test" time="0.000" classname="core.PrimeNumberCheckerTest"/>
  <testcase name="test" time="0.002" classname="core.PrimeNumberCheckerTest"/>
</testsuite> <!-- core.PrimeNumberCheckerTest -->
